plugins/foreground-timer/android/build/intermediates/manifest_merge_blame_file/release/processReleaseManifest/manifest-merger-blame-release-report.txt
1<?xml version="1.0" encoding="utf-8"?>
2<manifest xmlns:android="http://schemas.android.com/apk/res/android"
3    package="com.finduo.fingo.timer" >
4
5    <uses-sdk android:minSdkVersion="26" />
6
7    <uses-permission android:name="android.permission.FOREGROUND_SERVICE" />
7-->src\main\AndroidManifest.xml:4:5-77
7-->src\main\AndroidManifest.xml:4:22-74
8    <uses-permission android:name="android.permission.FOREGROUND_SERVICE_SPECIAL_USE" />
8-->src\main\AndroidManifest.xml:5:5-89
8-->src\main\AndroidManifest.xml:5:22-86
9
10    <application>
10-->src\main\AndroidManifest.xml:7:5-16:19
11        <service
11-->src\main\AndroidManifest.xml:8:9-11:40
12            android:name="com.finduo.fingo.TrackingForegroundService"
12-->src\main\AndroidManifest.xml:9:13-70
13            android:exported="false"
13-->src\main\AndroidManifest.xml:11:13-37
14            android:foregroundServiceType="specialUse" />
14-->src\main\AndroidManifest.xml:10:13-55
15
16        <receiver
16-->src\main\AndroidManifest.xml:13:9-15:40
17            android:name="com.finduo.fingo.TrackingForegroundService$ActionReceiver"
17-->src\main\AndroidManifest.xml:14:13-85
18            android:exported="false" />
18-->src\main\AndroidManifest.xml:15:13-37
19    </application>
20
21</manifest>